<?xml version="1.0" encoding="UTF-8"?>
<testsuites name="CinemaAbyss API Tests" tests="22" time="0.077">
  <testsuite name="Monolith Service / Health Check" id="e8542341-afe2-4393-a401-35eeff01a631" timestamp="2025-07-27T11:34:13.318Z" tests="1" failures="0" errors="0" time="0.017">
    <testcase name="Status code is 200" time="0.017" classname="CinemaAbyssApiTests"/>
  </testsuite>
  <testsuite name="Monolith Service / Get All Users" id="fa44b915-f57b-4cbe-8a0f-08febc326787" timestamp="2025-07-27T11:34:13.318Z" tests="2" failures="0" errors="0" time="0.004">
    <testcase name="Status code is 200" time="0.004" classname="CinemaAbyssApiTests"/>
    <testcase name="Response is an array" time="0.004" classname="CinemaAbyssApiTests"/>
  </testsuite>
  <testsuite name="Monolith Service / Create User" id="3ea722c7-9377-4cdb-b3e2-e33174471a1e" timestamp="2025-07-27T11:34:13.318Z" tests="2" failures="0" errors="0" time="0.007">
    <testcase name="Status code is 201" time="0.007" classname="CinemaAbyssApiTests"/>
    <testcase name="Response has id" time="0.007" classname="CinemaAbyssApiTests"/>
  </testsuite>
  <testsuite name="Monolith Service / Get User by ID" id="beb9b565-e103-495d-bb0d-640e58c94f27" timestamp="2025-07-27T11:34:13.318Z" tests="2" failures="0" errors="0" time="0.003">
    <testcase name="Status code is 200" time="0.003" classname="CinemaAbyssApiTests"/>
    <testcase name="User ID matches" time="0.003" classname="CinemaAbyssApiTests"/>
  </testsuite>
  <testsuite name="Monolith Service / Get All Movies" id="02379220-5e23-4376-b5d8-7ad2e6fcb689" timestamp="2025-07-27T11:34:13.318Z" tests="2" failures="0" errors="0" time="0.003">
    <testcase name="Status code is 200" time="0.003" classname="CinemaAbyssApiTests"/>
    <testcase name="Response is an array" time="0.003" classname="CinemaAbyssApiTests"/>
  </testsuite>
  <testsuite name="Monolith Service / Create Movie" id="fb5c1874-8faa-4468-859b-fac01188a70a" timestamp="2025-07-27T11:34:13.318Z" tests="2" failures="0" errors="0" time="0.005">
    <testcase name="Status code is 201" time="0.005" classname="CinemaAbyssApiTests"/>
    <testcase name="Response has id" time="0.005" classname="CinemaAbyssApiTests"/>
  </testsuite>
  <testsuite name="Monolith Service / Get Movie by ID" id="bff80ffe-1139-452a-9838-24cf7cc939a7" timestamp="2025-07-27T11:34:13.318Z" tests="2" failures="0" errors="0" time="0.004">
    <testcase name="Status code is 200" time="0.004" classname="CinemaAbyssApiTests"/>
    <testcase name="Movie ID matches" time="0.004" classname="CinemaAbyssApiTests"/>
  </testsuite>
  <testsuite name="Monolith Service / Create Payment" id="ec3a33bb-83e0-4f74-b9be-3ac34915108c" timestamp="2025-07-27T11:34:13.318Z" tests="2" failures="0" errors="0" time="0.003">
    <testcase name="Status code is 201" time="0.003" classname="CinemaAbyssApiTests"/>
    <testcase name="Response has id" time="0.003" classname="CinemaAbyssApiTests"/>
  </testsuite>
  <testsuite name="Monolith Service / Get Payment by ID" id="79c6d493-18b9-43db-b698-9d4c286647fa" timestamp="2025-07-27T11:34:13.318Z" tests="2" failures="0" errors="0" time="0.003">
    <testcase name="Status code is 200" time="0.003" classname="CinemaAbyssApiTests"/>
    <testcase name="Payment ID matches" time="0.003" classname="CinemaAbyssApiTests"/>
  </testsuite>
  <testsuite name="Monolith Service / Create Subscription" id="8cbf0a7d-8f48-45cd-8a59-19cf89393be3" timestamp="2025-07-27T11:34:13.318Z" tests="2" failures="0" errors="0" time="0.004">
    <testcase name="Status code is 201" time="0.004" classname="CinemaAbyssApiTests"/>
    <testcase name="Response has id" time="0.004" classname="CinemaAbyssApiTests"/>
  </testsuite>
  <testsuite name="Monolith Service / Get Subscription by ID" id="38975443-ae48-4cba-94cb-a09707a6821f" timestamp="2025-07-27T11:34:13.318Z" tests="2" failures="0" errors="0" time="0.002">
    <testcase name="Status code is 200" time="0.002" classname="CinemaAbyssApiTests"/>
    <testcase name="Subscription ID matches" time="0.002" classname="CinemaAbyssApiTests"/>
  </testsuite>
  <testsuite name="Movies Microservice / Health Check" id="b30aeb80-e44a-42dc-8798-cbdabc5bda2c" timestamp="2025-07-27T11:34:13.318Z" tests="2" failures="0" errors="0" time="0.004">
    <testcase name="Status code is 200" time="0.004" classname="CinemaAbyssApiTests"/>
    <testcase name="Status is true" time="0.004" classname="CinemaAbyssApiTests"/>
  </testsuite>
  <testsuite name="Movies Microservice / Get All Movies" id="a8a1153a-39be-4b37-b729-d1b639bac6a7" timestamp="2025-07-27T11:34:13.318Z" tests="2" failures="0" errors="0" time="0.003">
    <testcase name="Status code is 200" time="0.003" classname="CinemaAbyssApiTests"/>
    <testcase name="Response is an array" time="0.003" classname="CinemaAbyssApiTests"/>
  </testsuite>
  <testsuite name="Movies Microservice / Create Movie" id="144f09ef-e087-41e1-b359-fe2bf06fce80" timestamp="2025-07-27T11:34:13.318Z" tests="2" failures="0" errors="0" time="0.005">
    <testcase name="Status code is 201" time="0.005" classname="CinemaAbyssApiTests"/>
    <testcase name="Response has id" time="0.005" classname="CinemaAbyssApiTests"/>
  </testsuite>
  <testsuite name="Movies Microservice / Get Movie by ID" id="85415aad-8a12-486a-80b3-c7fc5f497577" timestamp="2025-07-27T11:34:13.318Z" tests="2" failures="0" errors="0" time="0.002">
    <testcase name="Status code is 200" time="0.002" classname="CinemaAbyssApiTests"/>
    <testcase name="Movie ID matches" time="0.002" classname="CinemaAbyssApiTests"/>
  </testsuite>
  <testsuite name="Events Microservice / Health Check" id="0dff224e-ebfe-45e5-b9f7-0d25b1b1e87e" timestamp="2025-07-27T11:34:13.318Z" tests="2" failures="2" errors="1" time="0.000">
    <system-err><![CDATA[Iteration: 0
RequestError: Error: connect ECONNREFUSED 127.0.0.1:8082
    at TCPConnectWrap.afterConnect [as oncomplete] (node:net:1637:16)

---
]]></system-err>
    <testcase name="Status code is 200" time="0.000" classname="CinemaAbyssApiTests">
      <failure type="AssertionFailure" message="expected { Object (id, _details, ...) } to have property 'code'">
        <![CDATA[Failed 1 times.]]>
        <![CDATA[Collection JSON ID: 2ddae11a-b817-4b32-88b9-808c10ec08c5.]]>
        <![CDATA[Collection name: CinemaAbyss API Tests.]]>
        <![CDATA[Request name: Events Microservice / Health Check.]]>
        <![CDATA[Test description: Status code is 200.]]>
        <![CDATA[Error message: expected { Object (id, _details, ...) } to have property 'code'.]]>
        <![CDATA[Stacktrace: AssertionError: expected { Object (id, _details, ...) } to have property 'code'
   at Object.eval sandbox-script.js:1:16).]]>
      </failure>
    </testcase>
    <testcase name="Status is true" time="0.000" classname="CinemaAbyssApiTests">
      <failure type="AssertionFailure" message="&quot;undefined&quot; is not valid JSON">
        <![CDATA[Failed 1 times.]]>
        <![CDATA[Collection JSON ID: 2ddae11a-b817-4b32-88b9-808c10ec08c5.]]>
        <![CDATA[Collection name: CinemaAbyss API Tests.]]>
        <![CDATA[Request name: Events Microservice / Health Check.]]>
        <![CDATA[Test description: Status is true.]]>
        <![CDATA[Error message: "undefined" is not valid JSON.]]>
        <![CDATA[Stacktrace: JSONError: "undefined" is not valid JSON
   at Object.eval sandbox-script.js:2:16).]]>
      </failure>
    </testcase>
  </testsuite>
  <testsuite name="Events Microservice / Create Movie Event" id="b7d8f7a9-d0e3-484f-836d-4ced42e3a74d" timestamp="2025-07-27T11:34:13.318Z" tests="2" failures="2" errors="1" time="0.000">
    <system-err><![CDATA[Iteration: 0
RequestError: Error: connect ECONNREFUSED 127.0.0.1:8082
    at TCPConnectWrap.afterConnect [as oncomplete] (node:net:1637:16)

---
]]></system-err>
    <testcase name="Status code is 201" time="0.000" classname="CinemaAbyssApiTests">
      <failure type="AssertionFailure" message="expected { Object (id, _details, ...) } to have property 'code'">
        <![CDATA[Failed 1 times.]]>
        <![CDATA[Collection JSON ID: 2ddae11a-b817-4b32-88b9-808c10ec08c5.]]>
        <![CDATA[Collection name: CinemaAbyss API Tests.]]>
        <![CDATA[Request name: Events Microservice / Create Movie Event.]]>
        <![CDATA[Test description: Status code is 201.]]>
        <![CDATA[Error message: expected { Object (id, _details, ...) } to have property 'code'.]]>
        <![CDATA[Stacktrace: AssertionError: expected { Object (id, _details, ...) } to have property 'code'
   at Object.eval sandbox-script.js:1:17).]]>
      </failure>
    </testcase>
    <testcase name="Response has status success" time="0.000" classname="CinemaAbyssApiTests">
      <failure type="AssertionFailure" message="&quot;undefined&quot; is not valid JSON">
        <![CDATA[Failed 1 times.]]>
        <![CDATA[Collection JSON ID: 2ddae11a-b817-4b32-88b9-808c10ec08c5.]]>
        <![CDATA[Collection name: CinemaAbyss API Tests.]]>
        <![CDATA[Request name: Events Microservice / Create Movie Event.]]>
        <![CDATA[Test description: Response has status success.]]>
        <![CDATA[Error message: "undefined" is not valid JSON.]]>
        <![CDATA[Stacktrace: JSONError: "undefined" is not valid JSON
   at Object.eval sandbox-script.js:2:17).]]>
      </failure>
    </testcase>
  </testsuite>
  <testsuite name="Events Microservice / Create User Event" id="50efaf4d-b8db-44ee-8877-8795ffd8e2bc" timestamp="2025-07-27T11:34:13.318Z" tests="2" failures="2" errors="1" time="0.000">
    <system-err><![CDATA[Iteration: 0
RequestError: Error: connect ECONNREFUSED 127.0.0.1:8082
    at TCPConnectWrap.afterConnect [as oncomplete] (node:net:1637:16)

---
]]></system-err>
    <testcase name="Status code is 201" time="0.000" classname="CinemaAbyssApiTests">
      <failure type="AssertionFailure" message="expected { Object (id, _details, ...) } to have property 'code'">
        <![CDATA[Failed 1 times.]]>
        <![CDATA[Collection JSON ID: 2ddae11a-b817-4b32-88b9-808c10ec08c5.]]>
        <![CDATA[Collection name: CinemaAbyss API Tests.]]>
        <![CDATA[Request name: Events Microservice / Create User Event.]]>
        <![CDATA[Test description: Status code is 201.]]>
        <![CDATA[Error message: expected { Object (id, _details, ...) } to have property 'code'.]]>
        <![CDATA[Stacktrace: AssertionError: expected { Object (id, _details, ...) } to have property 'code'
   at Object.eval sandbox-script.js:1:18).]]>
      </failure>
    </testcase>
    <testcase name="Response has status success" time="0.000" classname="CinemaAbyssApiTests">
      <failure type="AssertionFailure" message="&quot;undefined&quot; is not valid JSON">
        <![CDATA[Failed 1 times.]]>
        <![CDATA[Collection JSON ID: 2ddae11a-b817-4b32-88b9-808c10ec08c5.]]>
        <![CDATA[Collection name: CinemaAbyss API Tests.]]>
        <![CDATA[Request name: Events Microservice / Create User Event.]]>
        <![CDATA[Test description: Response has status success.]]>
        <![CDATA[Error message: "undefined" is not valid JSON.]]>
        <![CDATA[Stacktrace: JSONError: "undefined" is not valid JSON
   at Object.eval sandbox-script.js:2:18).]]>
      </failure>
    </testcase>
  </testsuite>
  <testsuite name="Events Microservice / Create Payment Event" id="a802b623-2393-44d1-87d2-0406a8833499" timestamp="2025-07-27T11:34:13.318Z" tests="2" failures="2" errors="1" time="0.000">
    <system-err><![CDATA[Iteration: 0
RequestError: Error: connect ECONNREFUSED 127.0.0.1:8082
    at TCPConnectWrap.afterConnect [as oncomplete] (node:net:1637:16)

---
]]></system-err>
    <testcase name="Status code is 201" time="0.000" classname="CinemaAbyssApiTests">
      <failure type="AssertionFailure" message="expected { Object (id, _details, ...) } to have property 'code'">
        <![CDATA[Failed 1 times.]]>
        <![CDATA[Collection JSON ID: 2ddae11a-b817-4b32-88b9-808c10ec08c5.]]>
        <![CDATA[Collection name: CinemaAbyss API Tests.]]>
        <![CDATA[Request name: Events Microservice / Create Payment Event.]]>
        <![CDATA[Test description: Status code is 201.]]>
        <![CDATA[Error message: expected { Object (id, _details, ...) } to have property 'code'.]]>
        <![CDATA[Stacktrace: AssertionError: expected { Object (id, _details, ...) } to have property 'code'
   at Object.eval sandbox-script.js:1:19).]]>
      </failure>
    </testcase>
    <testcase name="Response has status success" time="0.000" classname="CinemaAbyssApiTests">
      <failure type="AssertionFailure" message="&quot;undefined&quot; is not valid JSON">
        <![CDATA[Failed 1 times.]]>
        <![CDATA[Collection JSON ID: 2ddae11a-b817-4b32-88b9-808c10ec08c5.]]>
        <![CDATA[Collection name: CinemaAbyss API Tests.]]>
        <![CDATA[Request name: Events Microservice / Create Payment Event.]]>
        <![CDATA[Test description: Response has status success.]]>
        <![CDATA[Error message: "undefined" is not valid JSON.]]>
        <![CDATA[Stacktrace: JSONError: "undefined" is not valid JSON
   at Object.eval sandbox-script.js:2:19).]]>
      </failure>
    </testcase>
  </testsuite>
  <testsuite name="Proxy Service / Health Check" id="89ed8905-e730-4403-a915-08e54b323be9" timestamp="2025-07-27T11:34:13.318Z" tests="1" failures="0" errors="0" time="0.002">
    <testcase name="Status code is 200" time="0.002" classname="CinemaAbyssApiTests"/>
  </testsuite>
  <testsuite name="Proxy Service / Get All Movies via Proxy" id="ffbd1669-16fa-4e5b-9ae7-15f074d7f108" timestamp="2025-07-27T11:34:13.318Z" tests="2" failures="0" errors="0" time="0.004">
    <testcase name="Status code is 200" time="0.004" classname="CinemaAbyssApiTests"/>
    <testcase name="Response is an array" time="0.004" classname="CinemaAbyssApiTests"/>
  </testsuite>
  <testsuite name="Proxy Service / Get All Users via Proxy" id="792c93c8-5020-471e-871b-5696d312f0d7" timestamp="2025-07-27T11:34:13.318Z" tests="2" failures="0" errors="0" time="0.002">
    <testcase name="Status code is 200" time="0.002" classname="CinemaAbyssApiTests"/>
    <testcase name="Response is an array" time="0.002" classname="CinemaAbyssApiTests"/>
  </testsuite>
</testsuites>