<?xml version="1.0" encoding="UTF-8"?>
<testsuites name="CinemaAbyss API Tests" tests="22" time="0.000">
  <testsuite name="Monolith Service / Health Check" id="31b36469-d196-4fa5-8a4d-8afa019e2af6" timestamp="2025-07-27T10:57:22.777Z" tests="1" failures="1" errors="1" time="0.000">
    <system-err><![CDATA[Iteration: 0
RequestError: Error: connect ECONNREFUSED 127.0.0.1:8080
    at TCPConnectWrap.afterConnect [as oncomplete] (node:net:1637:16)

---
]]></system-err>
    <testcase name="Status code is 200" time="0.000" classname="CinemaAbyssApiTests">
      <failure type="AssertionFailure" message="expected { Object (id, _details, ...) } to have property 'code'">
        <![CDATA[Failed 1 times.]]>
        <![CDATA[Collection JSON ID: 688b6b2b-1d1c-4bde-afd1-debac5d12323.]]>
        <![CDATA[Collection name: CinemaAbyss API Tests.]]>
        <![CDATA[Request name: Monolith Service / Health Check.]]>
        <![CDATA[Test description: Status code is 200.]]>
        <![CDATA[Error message: expected { Object (id, _details, ...) } to have property 'code'.]]>
        <![CDATA[Stacktrace: AssertionError: expected { Object (id, _details, ...) } to have property 'code'
   at Object.eval sandbox-script.js:1:1).]]>
      </failure>
    </testcase>
  </testsuite>
  <testsuite name="Monolith Service / Get All Users" id="86890a32-f7a4-422a-b1c8-30a736f5be4c" timestamp="2025-07-27T10:57:22.777Z" tests="2" failures="2" errors="1" time="0.000">
    <system-err><![CDATA[Iteration: 0
RequestError: Error: connect ECONNREFUSED 127.0.0.1:8080
    at TCPConnectWrap.afterConnect [as oncomplete] (node:net:1637:16)

---
]]></system-err>
    <testcase name="Status code is 200" time="0.000" classname="CinemaAbyssApiTests">
      <failure type="AssertionFailure" message="expected { Object (id, _details, ...) } to have property 'code'">
        <![CDATA[Failed 1 times.]]>
        <![CDATA[Collection JSON ID: 688b6b2b-1d1c-4bde-afd1-debac5d12323.]]>
        <![CDATA[Collection name: CinemaAbyss API Tests.]]>
        <![CDATA[Request name: Monolith Service / Get All Users.]]>
        <![CDATA[Test description: Status code is 200.]]>
        <![CDATA[Error message: expected { Object (id, _details, ...) } to have property 'code'.]]>
        <![CDATA[Stacktrace: AssertionError: expected { Object (id, _details, ...) } to have property 'code'
   at Object.eval sandbox-script.js:1:2).]]>
      </failure>
    </testcase>
    <testcase name="Response is an array" time="0.000" classname="CinemaAbyssApiTests">
      <failure type="AssertionFailure" message="&quot;undefined&quot; is not valid JSON">
        <![CDATA[Failed 1 times.]]>
        <![CDATA[Collection JSON ID: 688b6b2b-1d1c-4bde-afd1-debac5d12323.]]>
        <![CDATA[Collection name: CinemaAbyss API Tests.]]>
        <![CDATA[Request name: Monolith Service / Get All Users.]]>
        <![CDATA[Test description: Response is an array.]]>
        <![CDATA[Error message: "undefined" is not valid JSON.]]>
        <![CDATA[Stacktrace: JSONError: "undefined" is not valid JSON
   at Object.eval sandbox-script.js:2:2).]]>
      </failure>
    </testcase>
  </testsuite>
  <testsuite name="Monolith Service / Create User" id="04d71c4b-c0a6-464f-ad95-757bf1d1b862" timestamp="2025-07-27T10:57:22.777Z" tests="2" failures="2" errors="1" time="0.000">
    <system-err><![CDATA[Iteration: 0
RequestError: Error: connect ECONNREFUSED 127.0.0.1:8080
    at TCPConnectWrap.afterConnect [as oncomplete] (node:net:1637:16)

---
]]></system-err>
    <testcase name="Status code is 201" time="0.000" classname="CinemaAbyssApiTests">
      <failure type="AssertionFailure" message="expected { Object (id, _details, ...) } to have property 'code'">
        <![CDATA[Failed 1 times.]]>
        <![CDATA[Collection JSON ID: 688b6b2b-1d1c-4bde-afd1-debac5d12323.]]>
        <![CDATA[Collection name: CinemaAbyss API Tests.]]>
        <![CDATA[Request name: Monolith Service / Create User.]]>
        <![CDATA[Test description: Status code is 201.]]>
        <![CDATA[Error message: expected { Object (id, _details, ...) } to have property 'code'.]]>
        <![CDATA[Stacktrace: AssertionError: expected { Object (id, _details, ...) } to have property 'code'
   at Object.eval sandbox-script.js:1:3).]]>
      </failure>
    </testcase>
    <testcase name="Response has id" time="0.000" classname="CinemaAbyssApiTests">
      <failure type="AssertionFailure" message="&quot;undefined&quot; is not valid JSON">
        <![CDATA[Failed 1 times.]]>
        <![CDATA[Collection JSON ID: 688b6b2b-1d1c-4bde-afd1-debac5d12323.]]>
        <![CDATA[Collection name: CinemaAbyss API Tests.]]>
        <![CDATA[Request name: Monolith Service / Create User.]]>
        <![CDATA[Test description: Response has id.]]>
        <![CDATA[Error message: "undefined" is not valid JSON.]]>
        <![CDATA[Stacktrace: JSONError: "undefined" is not valid JSON
   at Object.eval sandbox-script.js:2:3).]]>
      </failure>
    </testcase>
  </testsuite>
  <testsuite name="Monolith Service / Get User by ID" id="213a7b8e-0d45-4c98-bc78-9408cfb994d0" timestamp="2025-07-27T10:57:22.777Z" tests="2" failures="2" errors="1" time="0.000">
    <system-err><![CDATA[Iteration: 0
RequestError: Error: connect ECONNREFUSED 127.0.0.1:8080
    at TCPConnectWrap.afterConnect [as oncomplete] (node:net:1637:16)

---
]]></system-err>
    <testcase name="Status code is 200" time="0.000" classname="CinemaAbyssApiTests">
      <failure type="AssertionFailure" message="expected { Object (id, _details, ...) } to have property 'code'">
        <![CDATA[Failed 1 times.]]>
        <![CDATA[Collection JSON ID: 688b6b2b-1d1c-4bde-afd1-debac5d12323.]]>
        <![CDATA[Collection name: CinemaAbyss API Tests.]]>
        <![CDATA[Request name: Monolith Service / Get User by ID.]]>
        <![CDATA[Test description: Status code is 200.]]>
        <![CDATA[Error message: expected { Object (id, _details, ...) } to have property 'code'.]]>
        <![CDATA[Stacktrace: AssertionError: expected { Object (id, _details, ...) } to have property 'code'
   at Object.eval sandbox-script.js:1:4).]]>
      </failure>
    </testcase>
    <testcase name="User ID matches" time="0.000" classname="CinemaAbyssApiTests">
      <failure type="AssertionFailure" message="&quot;undefined&quot; is not valid JSON">
        <![CDATA[Failed 1 times.]]>
        <![CDATA[Collection JSON ID: 688b6b2b-1d1c-4bde-afd1-debac5d12323.]]>
        <![CDATA[Collection name: CinemaAbyss API Tests.]]>
        <![CDATA[Request name: Monolith Service / Get User by ID.]]>
        <![CDATA[Test description: User ID matches.]]>
        <![CDATA[Error message: "undefined" is not valid JSON.]]>
        <![CDATA[Stacktrace: JSONError: "undefined" is not valid JSON
   at Object.eval sandbox-script.js:2:4).]]>
      </failure>
    </testcase>
  </testsuite>
  <testsuite name="Monolith Service / Get All Movies" id="44d1c48e-7574-45b0-9bf5-30628cf36dc2" timestamp="2025-07-27T10:57:22.777Z" tests="2" failures="2" errors="1" time="0.000">
    <system-err><![CDATA[Iteration: 0
RequestError: Error: connect ECONNREFUSED 127.0.0.1:8080
    at TCPConnectWrap.afterConnect [as oncomplete] (node:net:1637:16)

---
]]></system-err>
    <testcase name="Status code is 200" time="0.000" classname="CinemaAbyssApiTests">
      <failure type="AssertionFailure" message="expected { Object (id, _details, ...) } to have property 'code'">
        <![CDATA[Failed 1 times.]]>
        <![CDATA[Collection JSON ID: 688b6b2b-1d1c-4bde-afd1-debac5d12323.]]>
        <![CDATA[Collection name: CinemaAbyss API Tests.]]>
        <![CDATA[Request name: Monolith Service / Get All Movies.]]>
        <![CDATA[Test description: Status code is 200.]]>
        <![CDATA[Error message: expected { Object (id, _details, ...) } to have property 'code'.]]>
        <![CDATA[Stacktrace: AssertionError: expected { Object (id, _details, ...) } to have property 'code'
   at Object.eval sandbox-script.js:1:5).]]>
      </failure>
    </testcase>
    <testcase name="Response is an array" time="0.000" classname="CinemaAbyssApiTests">
      <failure type="AssertionFailure" message="&quot;undefined&quot; is not valid JSON">
        <![CDATA[Failed 1 times.]]>
        <![CDATA[Collection JSON ID: 688b6b2b-1d1c-4bde-afd1-debac5d12323.]]>
        <![CDATA[Collection name: CinemaAbyss API Tests.]]>
        <![CDATA[Request name: Monolith Service / Get All Movies.]]>
        <![CDATA[Test description: Response is an array.]]>
        <![CDATA[Error message: "undefined" is not valid JSON.]]>
        <![CDATA[Stacktrace: JSONError: "undefined" is not valid JSON
   at Object.eval sandbox-script.js:2:5).]]>
      </failure>
    </testcase>
  </testsuite>
  <testsuite name="Monolith Service / Create Movie" id="7b2fc0d9-290e-4070-92ba-99ead3c8b1c5" timestamp="2025-07-27T10:57:22.777Z" tests="2" failures="2" errors="1" time="0.000">
    <system-err><![CDATA[Iteration: 0
RequestError: Error: connect ECONNREFUSED 127.0.0.1:8080
    at TCPConnectWrap.afterConnect [as oncomplete] (node:net:1637:16)

---
]]></system-err>
    <testcase name="Status code is 201" time="0.000" classname="CinemaAbyssApiTests">
      <failure type="AssertionFailure" message="expected { Object (id, _details, ...) } to have property 'code'">
        <![CDATA[Failed 1 times.]]>
        <![CDATA[Collection JSON ID: 688b6b2b-1d1c-4bde-afd1-debac5d12323.]]>
        <![CDATA[Collection name: CinemaAbyss API Tests.]]>
        <![CDATA[Request name: Monolith Service / Create Movie.]]>
        <![CDATA[Test description: Status code is 201.]]>
        <![CDATA[Error message: expected { Object (id, _details, ...) } to have property 'code'.]]>
        <![CDATA[Stacktrace: AssertionError: expected { Object (id, _details, ...) } to have property 'code'
   at Object.eval sandbox-script.js:1:6).]]>
      </failure>
    </testcase>
    <testcase name="Response has id" time="0.000" classname="CinemaAbyssApiTests">
      <failure type="AssertionFailure" message="&quot;undefined&quot; is not valid JSON">
        <![CDATA[Failed 1 times.]]>
        <![CDATA[Collection JSON ID: 688b6b2b-1d1c-4bde-afd1-debac5d12323.]]>
        <![CDATA[Collection name: CinemaAbyss API Tests.]]>
        <![CDATA[Request name: Monolith Service / Create Movie.]]>
        <![CDATA[Test description: Response has id.]]>
        <![CDATA[Error message: "undefined" is not valid JSON.]]>
        <![CDATA[Stacktrace: JSONError: "undefined" is not valid JSON
   at Object.eval sandbox-script.js:2:6).]]>
      </failure>
    </testcase>
  </testsuite>
  <testsuite name="Monolith Service / Get Movie by ID" id="396e1792-1349-4ca5-9c33-82390a0c5d50" timestamp="2025-07-27T10:57:22.777Z" tests="2" failures="2" errors="1" time="0.000">
    <system-err><![CDATA[Iteration: 0
RequestError: Error: connect ECONNREFUSED 127.0.0.1:8080
    at TCPConnectWrap.afterConnect [as oncomplete] (node:net:1637:16)

---
]]></system-err>
    <testcase name="Status code is 200" time="0.000" classname="CinemaAbyssApiTests">
      <failure type="AssertionFailure" message="expected { Object (id, _details, ...) } to have property 'code'">
        <![CDATA[Failed 1 times.]]>
        <![CDATA[Collection JSON ID: 688b6b2b-1d1c-4bde-afd1-debac5d12323.]]>
        <![CDATA[Collection name: CinemaAbyss API Tests.]]>
        <![CDATA[Request name: Monolith Service / Get Movie by ID.]]>
        <![CDATA[Test description: Status code is 200.]]>
        <![CDATA[Error message: expected { Object (id, _details, ...) } to have property 'code'.]]>
        <![CDATA[Stacktrace: AssertionError: expected { Object (id, _details, ...) } to have property 'code'
   at Object.eval sandbox-script.js:1:7).]]>
      </failure>
    </testcase>
    <testcase name="Movie ID matches" time="0.000" classname="CinemaAbyssApiTests">
      <failure type="AssertionFailure" message="&quot;undefined&quot; is not valid JSON">
        <![CDATA[Failed 1 times.]]>
        <![CDATA[Collection JSON ID: 688b6b2b-1d1c-4bde-afd1-debac5d12323.]]>
        <![CDATA[Collection name: CinemaAbyss API Tests.]]>
        <![CDATA[Request name: Monolith Service / Get Movie by ID.]]>
        <![CDATA[Test description: Movie ID matches.]]>
        <![CDATA[Error message: "undefined" is not valid JSON.]]>
        <![CDATA[Stacktrace: JSONError: "undefined" is not valid JSON
   at Object.eval sandbox-script.js:2:7).]]>
      </failure>
    </testcase>
  </testsuite>
  <testsuite name="Monolith Service / Create Payment" id="00963ccb-7735-4408-ba7d-951d8f52185e" timestamp="2025-07-27T10:57:22.777Z" tests="2" failures="2" errors="1" time="0.000">
    <system-err><![CDATA[Iteration: 0
RequestError: Error: connect ECONNREFUSED 127.0.0.1:8080
    at TCPConnectWrap.afterConnect [as oncomplete] (node:net:1637:16)

---
]]></system-err>
    <testcase name="Status code is 201" time="0.000" classname="CinemaAbyssApiTests">
      <failure type="AssertionFailure" message="expected { Object (id, _details, ...) } to have property 'code'">
        <![CDATA[Failed 1 times.]]>
        <![CDATA[Collection JSON ID: 688b6b2b-1d1c-4bde-afd1-debac5d12323.]]>
        <![CDATA[Collection name: CinemaAbyss API Tests.]]>
        <![CDATA[Request name: Monolith Service / Create Payment.]]>
        <![CDATA[Test description: Status code is 201.]]>
        <![CDATA[Error message: expected { Object (id, _details, ...) } to have property 'code'.]]>
        <![CDATA[Stacktrace: AssertionError: expected { Object (id, _details, ...) } to have property 'code'
   at Object.eval sandbox-script.js:1:8).]]>
      </failure>
    </testcase>
    <testcase name="Response has id" time="0.000" classname="CinemaAbyssApiTests">
      <failure type="AssertionFailure" message="&quot;undefined&quot; is not valid JSON">
        <![CDATA[Failed 1 times.]]>
        <![CDATA[Collection JSON ID: 688b6b2b-1d1c-4bde-afd1-debac5d12323.]]>
        <![CDATA[Collection name: CinemaAbyss API Tests.]]>
        <![CDATA[Request name: Monolith Service / Create Payment.]]>
        <![CDATA[Test description: Response has id.]]>
        <![CDATA[Error message: "undefined" is not valid JSON.]]>
        <![CDATA[Stacktrace: JSONError: "undefined" is not valid JSON
   at Object.eval sandbox-script.js:2:8).]]>
      </failure>
    </testcase>
  </testsuite>
  <testsuite name="Monolith Service / Get Payment by ID" id="311a9080-a7ef-4ca5-99ad-2592931b9fc8" timestamp="2025-07-27T10:57:22.777Z" tests="2" failures="2" errors="1" time="0.000">
    <system-err><![CDATA[Iteration: 0
RequestError: Error: connect ECONNREFUSED 127.0.0.1:8080
    at TCPConnectWrap.afterConnect [as oncomplete] (node:net:1637:16)

---
]]></system-err>
    <testcase name="Status code is 200" time="0.000" classname="CinemaAbyssApiTests">
      <failure type="AssertionFailure" message="expected { Object (id, _details, ...) } to have property 'code'">
        <![CDATA[Failed 1 times.]]>
        <![CDATA[Collection JSON ID: 688b6b2b-1d1c-4bde-afd1-debac5d12323.]]>
        <![CDATA[Collection name: CinemaAbyss API Tests.]]>
        <![CDATA[Request name: Monolith Service / Get Payment by ID.]]>
        <![CDATA[Test description: Status code is 200.]]>
        <![CDATA[Error message: expected { Object (id, _details, ...) } to have property 'code'.]]>
        <![CDATA[Stacktrace: AssertionError: expected { Object (id, _details, ...) } to have property 'code'
   at Object.eval sandbox-script.js:1:9).]]>
      </failure>
    </testcase>
    <testcase name="Payment ID matches" time="0.000" classname="CinemaAbyssApiTests">
      <failure type="AssertionFailure" message="&quot;undefined&quot; is not valid JSON">
        <![CDATA[Failed 1 times.]]>
        <![CDATA[Collection JSON ID: 688b6b2b-1d1c-4bde-afd1-debac5d12323.]]>
        <![CDATA[Collection name: CinemaAbyss API Tests.]]>
        <![CDATA[Request name: Monolith Service / Get Payment by ID.]]>
        <![CDATA[Test description: Payment ID matches.]]>
        <![CDATA[Error message: "undefined" is not valid JSON.]]>
        <![CDATA[Stacktrace: JSONError: "undefined" is not valid JSON
   at Object.eval sandbox-script.js:2:9).]]>
      </failure>
    </testcase>
  </testsuite>
  <testsuite name="Monolith Service / Create Subscription" id="7a66570f-74ad-4ad8-8e52-05b7562388f1" timestamp="2025-07-27T10:57:22.777Z" tests="2" failures="2" errors="1" time="0.000">
    <system-err><![CDATA[Iteration: 0
RequestError: Error: connect ECONNREFUSED 127.0.0.1:8080
    at TCPConnectWrap.afterConnect [as oncomplete] (node:net:1637:16)

---
]]></system-err>
    <testcase name="Status code is 201" time="0.000" classname="CinemaAbyssApiTests">
      <failure type="AssertionFailure" message="expected { Object (id, _details, ...) } to have property 'code'">
        <![CDATA[Failed 1 times.]]>
        <![CDATA[Collection JSON ID: 688b6b2b-1d1c-4bde-afd1-debac5d12323.]]>
        <![CDATA[Collection name: CinemaAbyss API Tests.]]>
        <![CDATA[Request name: Monolith Service / Create Subscription.]]>
        <![CDATA[Test description: Status code is 201.]]>
        <![CDATA[Error message: expected { Object (id, _details, ...) } to have property 'code'.]]>
        <![CDATA[Stacktrace: AssertionError: expected { Object (id, _details, ...) } to have property 'code'
   at Object.eval sandbox-script.js:1:10).]]>
      </failure>
    </testcase>
    <testcase name="Response has id" time="0.000" classname="CinemaAbyssApiTests">
      <failure type="AssertionFailure" message="&quot;undefined&quot; is not valid JSON">
        <![CDATA[Failed 1 times.]]>
        <![CDATA[Collection JSON ID: 688b6b2b-1d1c-4bde-afd1-debac5d12323.]]>
        <![CDATA[Collection name: CinemaAbyss API Tests.]]>
        <![CDATA[Request name: Monolith Service / Create Subscription.]]>
        <![CDATA[Test description: Response has id.]]>
        <![CDATA[Error message: "undefined" is not valid JSON.]]>
        <![CDATA[Stacktrace: JSONError: "undefined" is not valid JSON
   at Object.eval sandbox-script.js:2:10).]]>
      </failure>
    </testcase>
  </testsuite>
  <testsuite name="Monolith Service / Get Subscription by ID" id="ba008e75-72a7-4ca2-bd04-072d8cba7999" timestamp="2025-07-27T10:57:22.777Z" tests="2" failures="2" errors="1" time="0.000">
    <system-err><![CDATA[Iteration: 0
RequestError: Error: connect ECONNREFUSED 127.0.0.1:8080
    at TCPConnectWrap.afterConnect [as oncomplete] (node:net:1637:16)

---
]]></system-err>
    <testcase name="Status code is 200" time="0.000" classname="CinemaAbyssApiTests">
      <failure type="AssertionFailure" message="expected { Object (id, _details, ...) } to have property 'code'">
        <![CDATA[Failed 1 times.]]>
        <![CDATA[Collection JSON ID: 688b6b2b-1d1c-4bde-afd1-debac5d12323.]]>
        <![CDATA[Collection name: CinemaAbyss API Tests.]]>
        <![CDATA[Request name: Monolith Service / Get Subscription by ID.]]>
        <![CDATA[Test description: Status code is 200.]]>
        <![CDATA[Error message: expected { Object (id, _details, ...) } to have property 'code'.]]>
        <![CDATA[Stacktrace: AssertionError: expected { Object (id, _details, ...) } to have property 'code'
   at Object.eval sandbox-script.js:1:11).]]>
      </failure>
    </testcase>
    <testcase name="Subscription ID matches" time="0.000" classname="CinemaAbyssApiTests">
      <failure type="AssertionFailure" message="&quot;undefined&quot; is not valid JSON">
        <![CDATA[Failed 1 times.]]>
        <![CDATA[Collection JSON ID: 688b6b2b-1d1c-4bde-afd1-debac5d12323.]]>
        <![CDATA[Collection name: CinemaAbyss API Tests.]]>
        <![CDATA[Request name: Monolith Service / Get Subscription by ID.]]>
        <![CDATA[Test description: Subscription ID matches.]]>
        <![CDATA[Error message: "undefined" is not valid JSON.]]>
        <![CDATA[Stacktrace: JSONError: "undefined" is not valid JSON
   at Object.eval sandbox-script.js:2:11).]]>
      </failure>
    </testcase>
  </testsuite>
  <testsuite name="Movies Microservice / Health Check" id="dd87bbd9-0975-45d6-8178-dffd8bde3f70" timestamp="2025-07-27T10:57:22.777Z" tests="2" failures="2" errors="1" time="0.000">
    <system-err><![CDATA[Iteration: 0
RequestError: Error: connect ECONNREFUSED 127.0.0.1:8081
    at TCPConnectWrap.afterConnect [as oncomplete] (node:net:1637:16)

---
]]></system-err>
    <testcase name="Status code is 200" time="0.000" classname="CinemaAbyssApiTests">
      <failure type="AssertionFailure" message="expected { Object (id, _details, ...) } to have property 'code'">
        <![CDATA[Failed 1 times.]]>
        <![CDATA[Collection JSON ID: 688b6b2b-1d1c-4bde-afd1-debac5d12323.]]>
        <![CDATA[Collection name: CinemaAbyss API Tests.]]>
        <![CDATA[Request name: Movies Microservice / Health Check.]]>
        <![CDATA[Test description: Status code is 200.]]>
        <![CDATA[Error message: expected { Object (id, _details, ...) } to have property 'code'.]]>
        <![CDATA[Stacktrace: AssertionError: expected { Object (id, _details, ...) } to have property 'code'
   at Object.eval sandbox-script.js:1:12).]]>
      </failure>
    </testcase>
    <testcase name="Status is true" time="0.000" classname="CinemaAbyssApiTests">
      <failure type="AssertionFailure" message="&quot;undefined&quot; is not valid JSON">
        <![CDATA[Failed 1 times.]]>
        <![CDATA[Collection JSON ID: 688b6b2b-1d1c-4bde-afd1-debac5d12323.]]>
        <![CDATA[Collection name: CinemaAbyss API Tests.]]>
        <![CDATA[Request name: Movies Microservice / Health Check.]]>
        <![CDATA[Test description: Status is true.]]>
        <![CDATA[Error message: "undefined" is not valid JSON.]]>
        <![CDATA[Stacktrace: JSONError: "undefined" is not valid JSON
   at Object.eval sandbox-script.js:2:12).]]>
      </failure>
    </testcase>
  </testsuite>
  <testsuite name="Movies Microservice / Get All Movies" id="275d13a4-1c62-48d9-9de9-99bb04fcdbdd" timestamp="2025-07-27T10:57:22.777Z" tests="2" failures="2" errors="1" time="0.000">
    <system-err><![CDATA[Iteration: 0
RequestError: Error: connect ECONNREFUSED 127.0.0.1:8081
    at TCPConnectWrap.afterConnect [as oncomplete] (node:net:1637:16)

---
]]></system-err>
    <testcase name="Status code is 200" time="0.000" classname="CinemaAbyssApiTests">
      <failure type="AssertionFailure" message="expected { Object (id, _details, ...) } to have property 'code'">
        <![CDATA[Failed 1 times.]]>
        <![CDATA[Collection JSON ID: 688b6b2b-1d1c-4bde-afd1-debac5d12323.]]>
        <![CDATA[Collection name: CinemaAbyss API Tests.]]>
        <![CDATA[Request name: Movies Microservice / Get All Movies.]]>
        <![CDATA[Test description: Status code is 200.]]>
        <![CDATA[Error message: expected { Object (id, _details, ...) } to have property 'code'.]]>
        <![CDATA[Stacktrace: AssertionError: expected { Object (id, _details, ...) } to have property 'code'
   at Object.eval sandbox-script.js:1:13).]]>
      </failure>
    </testcase>
    <testcase name="Response is an array" time="0.000" classname="CinemaAbyssApiTests">
      <failure type="AssertionFailure" message="&quot;undefined&quot; is not valid JSON">
        <![CDATA[Failed 1 times.]]>
        <![CDATA[Collection JSON ID: 688b6b2b-1d1c-4bde-afd1-debac5d12323.]]>
        <![CDATA[Collection name: CinemaAbyss API Tests.]]>
        <![CDATA[Request name: Movies Microservice / Get All Movies.]]>
        <![CDATA[Test description: Response is an array.]]>
        <![CDATA[Error message: "undefined" is not valid JSON.]]>
        <![CDATA[Stacktrace: JSONError: "undefined" is not valid JSON
   at Object.eval sandbox-script.js:2:13).]]>
      </failure>
    </testcase>
  </testsuite>
  <testsuite name="Movies Microservice / Create Movie" id="9033f350-d4e4-4ccf-80e9-180d39db4251" timestamp="2025-07-27T10:57:22.777Z" tests="2" failures="2" errors="1" time="0.000">
    <system-err><![CDATA[Iteration: 0
RequestError: Error: connect ECONNREFUSED 127.0.0.1:8081
    at TCPConnectWrap.afterConnect [as oncomplete] (node:net:1637:16)

---
]]></system-err>
    <testcase name="Status code is 201" time="0.000" classname="CinemaAbyssApiTests">
      <failure type="AssertionFailure" message="expected { Object (id, _details, ...) } to have property 'code'">
        <![CDATA[Failed 1 times.]]>
        <![CDATA[Collection JSON ID: 688b6b2b-1d1c-4bde-afd1-debac5d12323.]]>
        <![CDATA[Collection name: CinemaAbyss API Tests.]]>
        <![CDATA[Request name: Movies Microservice / Create Movie.]]>
        <![CDATA[Test description: Status code is 201.]]>
        <![CDATA[Error message: expected { Object (id, _details, ...) } to have property 'code'.]]>
        <![CDATA[Stacktrace: AssertionError: expected { Object (id, _details, ...) } to have property 'code'
   at Object.eval sandbox-script.js:1:14).]]>
      </failure>
    </testcase>
    <testcase name="Response has id" time="0.000" classname="CinemaAbyssApiTests">
      <failure type="AssertionFailure" message="&quot;undefined&quot; is not valid JSON">
        <![CDATA[Failed 1 times.]]>
        <![CDATA[Collection JSON ID: 688b6b2b-1d1c-4bde-afd1-debac5d12323.]]>
        <![CDATA[Collection name: CinemaAbyss API Tests.]]>
        <![CDATA[Request name: Movies Microservice / Create Movie.]]>
        <![CDATA[Test description: Response has id.]]>
        <![CDATA[Error message: "undefined" is not valid JSON.]]>
        <![CDATA[Stacktrace: JSONError: "undefined" is not valid JSON
   at Object.eval sandbox-script.js:2:14).]]>
      </failure>
    </testcase>
  </testsuite>
  <testsuite name="Movies Microservice / Get Movie by ID" id="1bba4b72-0816-4aaf-bd95-1293fe59f539" timestamp="2025-07-27T10:57:22.777Z" tests="2" failures="2" errors="1" time="0.000">
    <system-err><![CDATA[Iteration: 0
RequestError: Error: connect ECONNREFUSED 127.0.0.1:8081
    at TCPConnectWrap.afterConnect [as oncomplete] (node:net:1637:16)

---
]]></system-err>
    <testcase name="Status code is 200" time="0.000" classname="CinemaAbyssApiTests">
      <failure type="AssertionFailure" message="expected { Object (id, _details, ...) } to have property 'code'">
        <![CDATA[Failed 1 times.]]>
        <![CDATA[Collection JSON ID: 688b6b2b-1d1c-4bde-afd1-debac5d12323.]]>
        <![CDATA[Collection name: CinemaAbyss API Tests.]]>
        <![CDATA[Request name: Movies Microservice / Get Movie by ID.]]>
        <![CDATA[Test description: Status code is 200.]]>
        <![CDATA[Error message: expected { Object (id, _details, ...) } to have property 'code'.]]>
        <![CDATA[Stacktrace: AssertionError: expected { Object (id, _details, ...) } to have property 'code'
   at Object.eval sandbox-script.js:1:15).]]>
      </failure>
    </testcase>
    <testcase name="Movie ID matches" time="0.000" classname="CinemaAbyssApiTests">
      <failure type="AssertionFailure" message="&quot;undefined&quot; is not valid JSON">
        <![CDATA[Failed 1 times.]]>
        <![CDATA[Collection JSON ID: 688b6b2b-1d1c-4bde-afd1-debac5d12323.]]>
        <![CDATA[Collection name: CinemaAbyss API Tests.]]>
        <![CDATA[Request name: Movies Microservice / Get Movie by ID.]]>
        <![CDATA[Test description: Movie ID matches.]]>
        <![CDATA[Error message: "undefined" is not valid JSON.]]>
        <![CDATA[Stacktrace: JSONError: "undefined" is not valid JSON
   at Object.eval sandbox-script.js:2:15).]]>
      </failure>
    </testcase>
  </testsuite>
  <testsuite name="Events Microservice / Health Check" id="fd27d3e7-d7b7-4745-8746-9a04a97ba30b" timestamp="2025-07-27T10:57:22.777Z" tests="2" failures="2" errors="1" time="0.000">
    <system-err><![CDATA[Iteration: 0
RequestError: Error: connect ECONNREFUSED 127.0.0.1:8082
    at TCPConnectWrap.afterConnect [as oncomplete] (node:net:1637:16)

---
]]></system-err>
    <testcase name="Status code is 200" time="0.000" classname="CinemaAbyssApiTests">
      <failure type="AssertionFailure" message="expected { Object (id, _details, ...) } to have property 'code'">
        <![CDATA[Failed 1 times.]]>
        <![CDATA[Collection JSON ID: 688b6b2b-1d1c-4bde-afd1-debac5d12323.]]>
        <![CDATA[Collection name: CinemaAbyss API Tests.]]>
        <![CDATA[Request name: Events Microservice / Health Check.]]>
        <![CDATA[Test description: Status code is 200.]]>
        <![CDATA[Error message: expected { Object (id, _details, ...) } to have property 'code'.]]>
        <![CDATA[Stacktrace: AssertionError: expected { Object (id, _details, ...) } to have property 'code'
   at Object.eval sandbox-script.js:1:16).]]>
      </failure>
    </testcase>
    <testcase name="Status is true" time="0.000" classname="CinemaAbyssApiTests">
      <failure type="AssertionFailure" message="&quot;undefined&quot; is not valid JSON">
        <![CDATA[Failed 1 times.]]>
        <![CDATA[Collection JSON ID: 688b6b2b-1d1c-4bde-afd1-debac5d12323.]]>
        <![CDATA[Collection name: CinemaAbyss API Tests.]]>
        <![CDATA[Request name: Events Microservice / Health Check.]]>
        <![CDATA[Test description: Status is true.]]>
        <![CDATA[Error message: "undefined" is not valid JSON.]]>
        <![CDATA[Stacktrace: JSONError: "undefined" is not valid JSON
   at Object.eval sandbox-script.js:2:16).]]>
      </failure>
    </testcase>
  </testsuite>
  <testsuite name="Events Microservice / Create Movie Event" id="d0e26ebb-10b4-413a-9671-7cd0fa328b9d" timestamp="2025-07-27T10:57:22.777Z" tests="2" failures="2" errors="1" time="0.000">
    <system-err><![CDATA[Iteration: 0
RequestError: Error: connect ECONNREFUSED 127.0.0.1:8082
    at TCPConnectWrap.afterConnect [as oncomplete] (node:net:1637:16)

---
]]></system-err>
    <testcase name="Status code is 201" time="0.000" classname="CinemaAbyssApiTests">
      <failure type="AssertionFailure" message="expected { Object (id, _details, ...) } to have property 'code'">
        <![CDATA[Failed 1 times.]]>
        <![CDATA[Collection JSON ID: 688b6b2b-1d1c-4bde-afd1-debac5d12323.]]>
        <![CDATA[Collection name: CinemaAbyss API Tests.]]>
        <![CDATA[Request name: Events Microservice / Create Movie Event.]]>
        <![CDATA[Test description: Status code is 201.]]>
        <![CDATA[Error message: expected { Object (id, _details, ...) } to have property 'code'.]]>
        <![CDATA[Stacktrace: AssertionError: expected { Object (id, _details, ...) } to have property 'code'
   at Object.eval sandbox-script.js:1:17).]]>
      </failure>
    </testcase>
    <testcase name="Response has status success" time="0.000" classname="CinemaAbyssApiTests">
      <failure type="AssertionFailure" message="&quot;undefined&quot; is not valid JSON">
        <![CDATA[Failed 1 times.]]>
        <![CDATA[Collection JSON ID: 688b6b2b-1d1c-4bde-afd1-debac5d12323.]]>
        <![CDATA[Collection name: CinemaAbyss API Tests.]]>
        <![CDATA[Request name: Events Microservice / Create Movie Event.]]>
        <![CDATA[Test description: Response has status success.]]>
        <![CDATA[Error message: "undefined" is not valid JSON.]]>
        <![CDATA[Stacktrace: JSONError: "undefined" is not valid JSON
   at Object.eval sandbox-script.js:2:17).]]>
      </failure>
    </testcase>
  </testsuite>
  <testsuite name="Events Microservice / Create User Event" id="cb8de385-c3e9-4d8c-9615-a649347b1fd4" timestamp="2025-07-27T10:57:22.777Z" tests="2" failures="2" errors="1" time="0.000">
    <system-err><![CDATA[Iteration: 0
RequestError: Error: connect ECONNREFUSED 127.0.0.1:8082
    at TCPConnectWrap.afterConnect [as oncomplete] (node:net:1637:16)

---
]]></system-err>
    <testcase name="Status code is 201" time="0.000" classname="CinemaAbyssApiTests">
      <failure type="AssertionFailure" message="expected { Object (id, _details, ...) } to have property 'code'">
        <![CDATA[Failed 1 times.]]>
        <![CDATA[Collection JSON ID: 688b6b2b-1d1c-4bde-afd1-debac5d12323.]]>
        <![CDATA[Collection name: CinemaAbyss API Tests.]]>
        <![CDATA[Request name: Events Microservice / Create User Event.]]>
        <![CDATA[Test description: Status code is 201.]]>
        <![CDATA[Error message: expected { Object (id, _details, ...) } to have property 'code'.]]>
        <![CDATA[Stacktrace: AssertionError: expected { Object (id, _details, ...) } to have property 'code'
   at Object.eval sandbox-script.js:1:18).]]>
      </failure>
    </testcase>
    <testcase name="Response has status success" time="0.000" classname="CinemaAbyssApiTests">
      <failure type="AssertionFailure" message="&quot;undefined&quot; is not valid JSON">
        <![CDATA[Failed 1 times.]]>
        <![CDATA[Collection JSON ID: 688b6b2b-1d1c-4bde-afd1-debac5d12323.]]>
        <![CDATA[Collection name: CinemaAbyss API Tests.]]>
        <![CDATA[Request name: Events Microservice / Create User Event.]]>
        <![CDATA[Test description: Response has status success.]]>
        <![CDATA[Error message: "undefined" is not valid JSON.]]>
        <![CDATA[Stacktrace: JSONError: "undefined" is not valid JSON
   at Object.eval sandbox-script.js:2:18).]]>
      </failure>
    </testcase>
  </testsuite>
  <testsuite name="Events Microservice / Create Payment Event" id="4c942b24-8f7b-4b86-b1ba-937d15d76feb" timestamp="2025-07-27T10:57:22.777Z" tests="2" failures="2" errors="1" time="0.000">
    <system-err><![CDATA[Iteration: 0
RequestError: Error: connect ECONNREFUSED 127.0.0.1:8082
    at TCPConnectWrap.afterConnect [as oncomplete] (node:net:1637:16)

---
]]></system-err>
    <testcase name="Status code is 201" time="0.000" classname="CinemaAbyssApiTests">
      <failure type="AssertionFailure" message="expected { Object (id, _details, ...) } to have property 'code'">
        <![CDATA[Failed 1 times.]]>
        <![CDATA[Collection JSON ID: 688b6b2b-1d1c-4bde-afd1-debac5d12323.]]>
        <![CDATA[Collection name: CinemaAbyss API Tests.]]>
        <![CDATA[Request name: Events Microservice / Create Payment Event.]]>
        <![CDATA[Test description: Status code is 201.]]>
        <![CDATA[Error message: expected { Object (id, _details, ...) } to have property 'code'.]]>
        <![CDATA[Stacktrace: AssertionError: expected { Object (id, _details, ...) } to have property 'code'
   at Object.eval sandbox-script.js:1:19).]]>
      </failure>
    </testcase>
    <testcase name="Response has status success" time="0.000" classname="CinemaAbyssApiTests">
      <failure type="AssertionFailure" message="&quot;undefined&quot; is not valid JSON">
        <![CDATA[Failed 1 times.]]>
        <![CDATA[Collection JSON ID: 688b6b2b-1d1c-4bde-afd1-debac5d12323.]]>
        <![CDATA[Collection name: CinemaAbyss API Tests.]]>
        <![CDATA[Request name: Events Microservice / Create Payment Event.]]>
        <![CDATA[Test description: Response has status success.]]>
        <![CDATA[Error message: "undefined" is not valid JSON.]]>
        <![CDATA[Stacktrace: JSONError: "undefined" is not valid JSON
   at Object.eval sandbox-script.js:2:19).]]>
      </failure>
    </testcase>
  </testsuite>
  <testsuite name="Proxy Service / Health Check" id="e001df2f-6f6a-4779-a4fd-23dd2de8a6f9" timestamp="2025-07-27T10:57:22.777Z" tests="1" failures="1" errors="1" time="0.000">
    <system-err><![CDATA[Iteration: 0
RequestError: Error: connect ECONNREFUSED 127.0.0.1:8000
    at TCPConnectWrap.afterConnect [as oncomplete] (node:net:1637:16)

---
]]></system-err>
    <testcase name="Status code is 200" time="0.000" classname="CinemaAbyssApiTests">
      <failure type="AssertionFailure" message="expected { Object (id, _details, ...) } to have property 'code'">
        <![CDATA[Failed 1 times.]]>
        <![CDATA[Collection JSON ID: 688b6b2b-1d1c-4bde-afd1-debac5d12323.]]>
        <![CDATA[Collection name: CinemaAbyss API Tests.]]>
        <![CDATA[Request name: Proxy Service / Health Check.]]>
        <![CDATA[Test description: Status code is 200.]]>
        <![CDATA[Error message: expected { Object (id, _details, ...) } to have property 'code'.]]>
        <![CDATA[Stacktrace: AssertionError: expected { Object (id, _details, ...) } to have property 'code'
   at Object.eval sandbox-script.js:1:20).]]>
      </failure>
    </testcase>
  </testsuite>
  <testsuite name="Proxy Service / Get All Movies via Proxy" id="3f0bc297-f013-4853-a3e6-b8c8b669d00e" timestamp="2025-07-27T10:57:22.777Z" tests="2" failures="2" errors="1" time="0.000">
    <system-err><![CDATA[Iteration: 0
RequestError: Error: connect ECONNREFUSED 127.0.0.1:8000
    at TCPConnectWrap.afterConnect [as oncomplete] (node:net:1637:16)

---
]]></system-err>
    <testcase name="Status code is 200" time="0.000" classname="CinemaAbyssApiTests">
      <failure type="AssertionFailure" message="expected { Object (id, _details, ...) } to have property 'code'">
        <![CDATA[Failed 1 times.]]>
        <![CDATA[Collection JSON ID: 688b6b2b-1d1c-4bde-afd1-debac5d12323.]]>
        <![CDATA[Collection name: CinemaAbyss API Tests.]]>
        <![CDATA[Request name: Proxy Service / Get All Movies via Proxy.]]>
        <![CDATA[Test description: Status code is 200.]]>
        <![CDATA[Error message: expected { Object (id, _details, ...) } to have property 'code'.]]>
        <![CDATA[Stacktrace: AssertionError: expected { Object (id, _details, ...) } to have property 'code'
   at Object.eval sandbox-script.js:1:21).]]>
      </failure>
    </testcase>
    <testcase name="Response is an array" time="0.000" classname="CinemaAbyssApiTests">
      <failure type="AssertionFailure" message="&quot;undefined&quot; is not valid JSON">
        <![CDATA[Failed 1 times.]]>
        <![CDATA[Collection JSON ID: 688b6b2b-1d1c-4bde-afd1-debac5d12323.]]>
        <![CDATA[Collection name: CinemaAbyss API Tests.]]>
        <![CDATA[Request name: Proxy Service / Get All Movies via Proxy.]]>
        <![CDATA[Test description: Response is an array.]]>
        <![CDATA[Error message: "undefined" is not valid JSON.]]>
        <![CDATA[Stacktrace: JSONError: "undefined" is not valid JSON
   at Object.eval sandbox-script.js:2:21).]]>
      </failure>
    </testcase>
  </testsuite>
  <testsuite name="Proxy Service / Get All Users via Proxy" id="a44b4379-1a2b-4b19-89d5-1b837e936d4c" timestamp="2025-07-27T10:57:22.777Z" tests="2" failures="2" errors="1" time="0.000">
    <system-err><![CDATA[Iteration: 0
RequestError: Error: connect ECONNREFUSED 127.0.0.1:8000
    at TCPConnectWrap.afterConnect [as oncomplete] (node:net:1637:16)

---
]]></system-err>
    <testcase name="Status code is 200" time="0.000" classname="CinemaAbyssApiTests">
      <failure type="AssertionFailure" message="expected { Object (id, _details, ...) } to have property 'code'">
        <![CDATA[Failed 1 times.]]>
        <![CDATA[Collection JSON ID: 688b6b2b-1d1c-4bde-afd1-debac5d12323.]]>
        <![CDATA[Collection name: CinemaAbyss API Tests.]]>
        <![CDATA[Request name: Proxy Service / Get All Users via Proxy.]]>
        <![CDATA[Test description: Status code is 200.]]>
        <![CDATA[Error message: expected { Object (id, _details, ...) } to have property 'code'.]]>
        <![CDATA[Stacktrace: AssertionError: expected { Object (id, _details, ...) } to have property 'code'
   at Object.eval sandbox-script.js:1:22).]]>
      </failure>
    </testcase>
    <testcase name="Response is an array" time="0.000" classname="CinemaAbyssApiTests">
      <failure type="AssertionFailure" message="&quot;undefined&quot; is not valid JSON">
        <![CDATA[Failed 1 times.]]>
        <![CDATA[Collection JSON ID: 688b6b2b-1d1c-4bde-afd1-debac5d12323.]]>
        <![CDATA[Collection name: CinemaAbyss API Tests.]]>
        <![CDATA[Request name: Proxy Service / Get All Users via Proxy.]]>
        <![CDATA[Test description: Response is an array.]]>
        <![CDATA[Error message: "undefined" is not valid JSON.]]>
        <![CDATA[Stacktrace: JSONError: "undefined" is not valid JSON
   at Object.eval sandbox-script.js:2:22).]]>
      </failure>
    </testcase>
  </testsuite>
</testsuites>