<?xml version="1.0" encoding="UTF-8"?>
<testsuites name="CinemaAbyss API Tests" tests="22" time="0.425">
  <testsuite name="Monolith Service / Health Check" id="593497d0-2902-4b34-9197-e37aece2796a" timestamp="2025-07-27T16:18:18.511Z" tests="1" failures="1" errors="0" time="0.029">
    <testcase name="Status code is 200" time="0.029" classname="CinemaAbyssApiTests">
      <failure type="AssertionFailure" message="expected response to have status code 200 but got 404">
        <![CDATA[Failed 1 times.]]>
        <![CDATA[Collection JSON ID: aea7986f-292e-4f04-8b54-2df0a6a71719.]]>
        <![CDATA[Collection name: CinemaAbyss API Tests.]]>
        <![CDATA[Request name: Monolith Service / Health Check.]]>
        <![CDATA[Test description: Status code is 200.]]>
        <![CDATA[Error message: expected response to have status code 200 but got 404.]]>
        <![CDATA[Stacktrace: AssertionError: expected response to have status code 200 but got 404
   at Object.eval sandbox-script.js:1:1).]]>
      </failure>
    </testcase>
  </testsuite>
  <testsuite name="Monolith Service / Get All Users" id="efdafa7c-e656-45f4-9626-321a35bdd105" timestamp="2025-07-27T16:18:18.511Z" tests="2" failures="0" errors="0" time="0.007">
    <testcase name="Status code is 200" time="0.007" classname="CinemaAbyssApiTests"/>
    <testcase name="Response is an array" time="0.007" classname="CinemaAbyssApiTests"/>
  </testsuite>
  <testsuite name="Monolith Service / Create User" id="f00bc37d-2976-43fc-ba1f-657fbc3f357f" timestamp="2025-07-27T16:18:18.511Z" tests="2" failures="0" errors="0" time="0.050">
    <testcase name="Status code is 201" time="0.050" classname="CinemaAbyssApiTests"/>
    <testcase name="Response has id" time="0.050" classname="CinemaAbyssApiTests"/>
  </testsuite>
  <testsuite name="Monolith Service / Get User by ID" id="ae669086-76b5-4146-b571-4d94a0d4caa5" timestamp="2025-07-27T16:18:18.511Z" tests="2" failures="0" errors="0" time="0.004">
    <testcase name="Status code is 200" time="0.004" classname="CinemaAbyssApiTests"/>
    <testcase name="User ID matches" time="0.004" classname="CinemaAbyssApiTests"/>
  </testsuite>
  <testsuite name="Monolith Service / Get All Movies" id="7469678a-aff4-483c-91f1-d6162319f5e4" timestamp="2025-07-27T16:18:18.511Z" tests="2" failures="0" errors="0" time="0.011">
    <testcase name="Status code is 200" time="0.011" classname="CinemaAbyssApiTests"/>
    <testcase name="Response is an array" time="0.011" classname="CinemaAbyssApiTests"/>
  </testsuite>
  <testsuite name="Monolith Service / Create Movie" id="a94fa884-070d-4a9b-871a-e5f1e26807dc" timestamp="2025-07-27T16:18:18.511Z" tests="2" failures="0" errors="0" time="0.019">
    <testcase name="Status code is 201" time="0.019" classname="CinemaAbyssApiTests"/>
    <testcase name="Response has id" time="0.019" classname="CinemaAbyssApiTests"/>
  </testsuite>
  <testsuite name="Monolith Service / Get Movie by ID" id="27584f27-fa0d-4991-b469-100f45881db5" timestamp="2025-07-27T16:18:18.511Z" tests="2" failures="0" errors="0" time="0.004">
    <testcase name="Status code is 200" time="0.004" classname="CinemaAbyssApiTests"/>
    <testcase name="Movie ID matches" time="0.004" classname="CinemaAbyssApiTests"/>
  </testsuite>
  <testsuite name="Monolith Service / Create Payment" id="379bdc29-62ff-4bee-a82a-8cc6a29f7b33" timestamp="2025-07-27T16:18:18.511Z" tests="2" failures="0" errors="0" time="0.012">
    <testcase name="Status code is 201" time="0.012" classname="CinemaAbyssApiTests"/>
    <testcase name="Response has id" time="0.012" classname="CinemaAbyssApiTests"/>
  </testsuite>
  <testsuite name="Monolith Service / Get Payment by ID" id="2233521c-c30e-4e45-bb27-99c425ab5a96" timestamp="2025-07-27T16:18:18.511Z" tests="2" failures="0" errors="0" time="0.006">
    <testcase name="Status code is 200" time="0.006" classname="CinemaAbyssApiTests"/>
    <testcase name="Payment ID matches" time="0.006" classname="CinemaAbyssApiTests"/>
  </testsuite>
  <testsuite name="Monolith Service / Create Subscription" id="1f631632-ef13-4e5c-846e-54cb799ce9b3" timestamp="2025-07-27T16:18:18.511Z" tests="2" failures="0" errors="0" time="0.008">
    <testcase name="Status code is 201" time="0.008" classname="CinemaAbyssApiTests"/>
    <testcase name="Response has id" time="0.008" classname="CinemaAbyssApiTests"/>
  </testsuite>
  <testsuite name="Monolith Service / Get Subscription by ID" id="7f0c0437-9834-426e-a24d-610e1695b386" timestamp="2025-07-27T16:18:18.511Z" tests="2" failures="0" errors="0" time="0.003">
    <testcase name="Status code is 200" time="0.003" classname="CinemaAbyssApiTests"/>
    <testcase name="Subscription ID matches" time="0.003" classname="CinemaAbyssApiTests"/>
  </testsuite>
  <testsuite name="Movies Microservice / Health Check" id="e2b6d7fe-337e-49a2-981c-04af90d5a3f7" timestamp="2025-07-27T16:18:18.511Z" tests="2" failures="0" errors="0" time="0.006">
    <testcase name="Status code is 200" time="0.006" classname="CinemaAbyssApiTests"/>
    <testcase name="Status is true" time="0.006" classname="CinemaAbyssApiTests"/>
  </testsuite>
  <testsuite name="Movies Microservice / Get All Movies" id="e1ae6e05-d934-4a0d-826e-b76782143f21" timestamp="2025-07-27T16:18:18.511Z" tests="2" failures="0" errors="0" time="0.006">
    <testcase name="Status code is 200" time="0.006" classname="CinemaAbyssApiTests"/>
    <testcase name="Response is an array" time="0.006" classname="CinemaAbyssApiTests"/>
  </testsuite>
  <testsuite name="Movies Microservice / Create Movie" id="4ae2b902-f96f-4749-b12a-af8e23e81840" timestamp="2025-07-27T16:18:18.511Z" tests="2" failures="0" errors="0" time="0.237">
    <testcase name="Status code is 201" time="0.237" classname="CinemaAbyssApiTests"/>
    <testcase name="Response has id" time="0.237" classname="CinemaAbyssApiTests"/>
  </testsuite>
  <testsuite name="Movies Microservice / Get Movie by ID" id="5db0ea8b-1379-485c-a52e-c0760981ec6a" timestamp="2025-07-27T16:18:18.511Z" tests="2" failures="0" errors="0" time="0.003">
    <testcase name="Status code is 200" time="0.003" classname="CinemaAbyssApiTests"/>
    <testcase name="Movie ID matches" time="0.003" classname="CinemaAbyssApiTests"/>
  </testsuite>
  <testsuite name="Events Microservice / Health Check" id="b5e18046-1b57-4166-8687-8182601d2342" timestamp="2025-07-27T16:18:18.511Z" tests="2" failures="2" errors="0" time="0.002">
    <testcase name="Status code is 200" time="0.002" classname="CinemaAbyssApiTests">
      <failure type="AssertionFailure" message="expected response to have status code 200 but got 503">
        <![CDATA[Failed 1 times.]]>
        <![CDATA[Collection JSON ID: aea7986f-292e-4f04-8b54-2df0a6a71719.]]>
        <![CDATA[Collection name: CinemaAbyss API Tests.]]>
        <![CDATA[Request name: Events Microservice / Health Check.]]>
        <![CDATA[Test description: Status code is 200.]]>
        <![CDATA[Error message: expected response to have status code 200 but got 503.]]>
        <![CDATA[Stacktrace: AssertionError: expected response to have status code 200 but got 503
   at Object.eval sandbox-script.js:1:16).]]>
      </failure>
    </testcase>
    <testcase name="Status is true" time="0.002" classname="CinemaAbyssApiTests">
      <failure type="AssertionFailure" message="Unexpected token '&lt;' at 1:1&#xA;&lt;html>&#xA;^">
        <![CDATA[Failed 1 times.]]>
        <![CDATA[Collection JSON ID: aea7986f-292e-4f04-8b54-2df0a6a71719.]]>
        <![CDATA[Collection name: CinemaAbyss API Tests.]]>
        <![CDATA[Request name: Events Microservice / Health Check.]]>
        <![CDATA[Test description: Status is true.]]>
        <![CDATA[Error message: Unexpected token '<' at 1:1
<html>
^.]]>
        <![CDATA[Stacktrace: JSONError: Unexpected token '<' at 1:1
<html>
^
   at Object.eval sandbox-script.js:2:16).]]>
      </failure>
    </testcase>
  </testsuite>
  <testsuite name="Events Microservice / Create Movie Event" id="0eaa0ec6-61af-44b5-acca-224dbb347034" timestamp="2025-07-27T16:18:18.511Z" tests="2" failures="2" errors="0" time="0.002">
    <testcase name="Status code is 201" time="0.002" classname="CinemaAbyssApiTests">
      <failure type="AssertionFailure" message="expected response to have status code 201 but got 503">
        <![CDATA[Failed 1 times.]]>
        <![CDATA[Collection JSON ID: aea7986f-292e-4f04-8b54-2df0a6a71719.]]>
        <![CDATA[Collection name: CinemaAbyss API Tests.]]>
        <![CDATA[Request name: Events Microservice / Create Movie Event.]]>
        <![CDATA[Test description: Status code is 201.]]>
        <![CDATA[Error message: expected response to have status code 201 but got 503.]]>
        <![CDATA[Stacktrace: AssertionError: expected response to have status code 201 but got 503
   at Object.eval sandbox-script.js:1:17).]]>
      </failure>
    </testcase>
    <testcase name="Response has status success" time="0.002" classname="CinemaAbyssApiTests">
      <failure type="AssertionFailure" message="Unexpected token '&lt;' at 1:1&#xA;&lt;html>&#xA;^">
        <![CDATA[Failed 1 times.]]>
        <![CDATA[Collection JSON ID: aea7986f-292e-4f04-8b54-2df0a6a71719.]]>
        <![CDATA[Collection name: CinemaAbyss API Tests.]]>
        <![CDATA[Request name: Events Microservice / Create Movie Event.]]>
        <![CDATA[Test description: Response has status success.]]>
        <![CDATA[Error message: Unexpected token '<' at 1:1
<html>
^.]]>
        <![CDATA[Stacktrace: JSONError: Unexpected token '<' at 1:1
<html>
^
   at Object.eval sandbox-script.js:2:17).]]>
      </failure>
    </testcase>
  </testsuite>
  <testsuite name="Events Microservice / Create User Event" id="375d898d-7db0-44c7-a080-a8f50d8edf8f" timestamp="2025-07-27T16:18:18.511Z" tests="2" failures="2" errors="0" time="0.003">
    <testcase name="Status code is 201" time="0.003" classname="CinemaAbyssApiTests">
      <failure type="AssertionFailure" message="expected response to have status code 201 but got 503">
        <![CDATA[Failed 1 times.]]>
        <![CDATA[Collection JSON ID: aea7986f-292e-4f04-8b54-2df0a6a71719.]]>
        <![CDATA[Collection name: CinemaAbyss API Tests.]]>
        <![CDATA[Request name: Events Microservice / Create User Event.]]>
        <![CDATA[Test description: Status code is 201.]]>
        <![CDATA[Error message: expected response to have status code 201 but got 503.]]>
        <![CDATA[Stacktrace: AssertionError: expected response to have status code 201 but got 503
   at Object.eval sandbox-script.js:1:18).]]>
      </failure>
    </testcase>
    <testcase name="Response has status success" time="0.003" classname="CinemaAbyssApiTests">
      <failure type="AssertionFailure" message="Unexpected token '&lt;' at 1:1&#xA;&lt;html>&#xA;^">
        <![CDATA[Failed 1 times.]]>
        <![CDATA[Collection JSON ID: aea7986f-292e-4f04-8b54-2df0a6a71719.]]>
        <![CDATA[Collection name: CinemaAbyss API Tests.]]>
        <![CDATA[Request name: Events Microservice / Create User Event.]]>
        <![CDATA[Test description: Response has status success.]]>
        <![CDATA[Error message: Unexpected token '<' at 1:1
<html>
^.]]>
        <![CDATA[Stacktrace: JSONError: Unexpected token '<' at 1:1
<html>
^
   at Object.eval sandbox-script.js:2:18).]]>
      </failure>
    </testcase>
  </testsuite>
  <testsuite name="Events Microservice / Create Payment Event" id="a418f3c4-6669-4715-b1ca-586ea125e66f" timestamp="2025-07-27T16:18:18.511Z" tests="2" failures="2" errors="0" time="0.002">
    <testcase name="Status code is 201" time="0.002" classname="CinemaAbyssApiTests">
      <failure type="AssertionFailure" message="expected response to have status code 201 but got 503">
        <![CDATA[Failed 1 times.]]>
        <![CDATA[Collection JSON ID: aea7986f-292e-4f04-8b54-2df0a6a71719.]]>
        <![CDATA[Collection name: CinemaAbyss API Tests.]]>
        <![CDATA[Request name: Events Microservice / Create Payment Event.]]>
        <![CDATA[Test description: Status code is 201.]]>
        <![CDATA[Error message: expected response to have status code 201 but got 503.]]>
        <![CDATA[Stacktrace: AssertionError: expected response to have status code 201 but got 503
   at Object.eval sandbox-script.js:1:19).]]>
      </failure>
    </testcase>
    <testcase name="Response has status success" time="0.002" classname="CinemaAbyssApiTests">
      <failure type="AssertionFailure" message="Unexpected token '&lt;' at 1:1&#xA;&lt;html>&#xA;^">
        <![CDATA[Failed 1 times.]]>
        <![CDATA[Collection JSON ID: aea7986f-292e-4f04-8b54-2df0a6a71719.]]>
        <![CDATA[Collection name: CinemaAbyss API Tests.]]>
        <![CDATA[Request name: Events Microservice / Create Payment Event.]]>
        <![CDATA[Test description: Response has status success.]]>
        <![CDATA[Error message: Unexpected token '<' at 1:1
<html>
^.]]>
        <![CDATA[Stacktrace: JSONError: Unexpected token '<' at 1:1
<html>
^
   at Object.eval sandbox-script.js:2:19).]]>
      </failure>
    </testcase>
  </testsuite>
  <testsuite name="Proxy Service / Health Check" id="64ad944a-101d-4f05-bda0-0bb0348a4629" timestamp="2025-07-27T16:18:18.511Z" tests="1" failures="1" errors="0" time="0.002">
    <testcase name="Status code is 200" time="0.002" classname="CinemaAbyssApiTests">
      <failure type="AssertionFailure" message="expected response to have status code 200 but got 404">
        <![CDATA[Failed 1 times.]]>
        <![CDATA[Collection JSON ID: aea7986f-292e-4f04-8b54-2df0a6a71719.]]>
        <![CDATA[Collection name: CinemaAbyss API Tests.]]>
        <![CDATA[Request name: Proxy Service / Health Check.]]>
        <![CDATA[Test description: Status code is 200.]]>
        <![CDATA[Error message: expected response to have status code 200 but got 404.]]>
        <![CDATA[Stacktrace: AssertionError: expected response to have status code 200 but got 404
   at Object.eval sandbox-script.js:1:20).]]>
      </failure>
    </testcase>
  </testsuite>
  <testsuite name="Proxy Service / Get All Movies via Proxy" id="11af6d6a-87b9-471e-b3a2-63b360a5c650" timestamp="2025-07-27T16:18:18.511Z" tests="2" failures="0" errors="0" time="0.005">
    <testcase name="Status code is 200" time="0.005" classname="CinemaAbyssApiTests"/>
    <testcase name="Response is an array" time="0.005" classname="CinemaAbyssApiTests"/>
  </testsuite>
  <testsuite name="Proxy Service / Get All Users via Proxy" id="27dc0351-69d2-45a6-871d-96b56079c2b6" timestamp="2025-07-27T16:18:18.511Z" tests="2" failures="0" errors="0" time="0.004">
    <testcase name="Status code is 200" time="0.004" classname="CinemaAbyssApiTests"/>
    <testcase name="Response is an array" time="0.004" classname="CinemaAbyssApiTests"/>
  </testsuite>
</testsuites>